<?xml version="1.0" encoding="UTF-8"?>
<testsuite xmlns:xsi="http://www.w3.org/2001/XMLSchema-instance" xsi:noNamespaceSchemaLocation="https://maven.apache.org/surefire/maven-surefire-plugin/xsd/surefire-test-report-3.0.xsd" version="3.0" name="com.hotel.management.booking.BookingServiceTest" time="1.799" tests="1" errors="0" skipped="0" failures="0">
  <properties>
[...]
</properties>
  <testcase name="testBookingLifecycleAndBillGeneration" classname="com.hotel.management.booking.BookingServiceTest" time="0.133">
    <system-out><![CDATA[2026-09-16T12:21:41.773+05:30  INFO 9052 --- [hotel-management] [           main] t.c.s.AnnotationConfigContextLoaderUtils : Could not detect default configuration classes for test class [com.hotel.management.booking.BookingServiceTest]: BookingServiceTest does not declare any static, non-private, non-final, nested classes annotated with @Configuration.
2026-09-16T12:21:41.815+05:30  INFO 9052 --- [hotel-management] [           main] .b.t.c.SpringBootTestContextBootstrapper : Found @SpringBootConfiguration com.hotel.management.HotelManagementApplication for test class com.hotel.management.booking.BookingServiceTest

  .   ____          _            __ _ _
 /\\ / ___'_ __ _ _(_)_ __  __ _ \ \ \ \
( ( )\___ | '_ | '_| | '_ \/ _` | \ \ \ \
 \\/  ___)| |_)| | | | | || (_| |  ) ) ) )
  '  |____| .__|_| |_|_| |_\__, | / / / /
 =========|_|==============|___/=/_/_/_/

 :: Spring Boot ::                (v3.3.4)

2026-09-16T12:21:41.894+05:30  INFO 9052 --- [hotel-management] [           main] c.h.m.booking.BookingServiceTest         : Starting BookingServiceTest using Java 21.0.4 with PID 9052 (started by 23a81 in C:\Users\23a81\Desktop\hotel-management-system-main\backend)
2026-09-16T12:21:41.895+05:30  INFO 9052 --- [hotel-management] [           main] c.h.m.booking.BookingServiceTest         : The following 1 profile is active: "test"
2026-09-16T12:21:42.216+05:30  INFO 9052 --- [hotel-management] [           main] .s.d.r.c.RepositoryConfigurationDelegate : Bootstrapping Spring Data JPA repositories in DEFAULT mode.
2026-09-16T12:21:42.252+05:30  INFO 9052 --- [hotel-management] [           main] .s.d.r.c.RepositoryConfigurationDelegate : Finished Spring Data repository scanning in 35 ms. Found 7 JPA repository interfaces.
2026-09-16T12:21:42.372+05:30  INFO 9052 --- [hotel-management] [           main] o.hibernate.jpa.internal.util.LogHelper  : HHH000204: Processing PersistenceUnitInfo [name: default]
2026-09-16T12:21:42.376+05:30  INFO 9052 --- [hotel-management] [           main] o.h.c.internal.RegionFactoryInitiator    : HHH000026: Second-level cache disabled
2026-09-16T12:21:42.385+05:30  INFO 9052 --- [hotel-management] [           main] o.s.o.j.p.SpringPersistenceUnitInfo      : No LoadTimeWeaver setup: ignoring JPA class transformer
2026-09-16T12:21:42.386+05:30  INFO 9052 --- [hotel-management] [           main] com.zaxxer.hikari.HikariDataSource       : HikariPool-2 - Starting...
2026-09-16T12:21:42.388+05:30  INFO 9052 --- [hotel-management] [           main] com.zaxxer.hikari.pool.HikariPool        : HikariPool-2 - Added connection conn10: url=jdbc:h2:mem:hotel_test user=SA
2026-09-16T12:21:42.389+05:30  INFO 9052 --- [hotel-management] [           main] com.zaxxer.hikari.HikariDataSource       : HikariPool-2 - Start completed.
2026-09-16T12:21:42.390+05:30  WARN 9052 --- [hotel-management] [           main] org.hibernate.dialect.Dialect            : HHH000511: The 2.2.224 version for [org.hibernate.dialect.MySQLDialect] is no longer supported, hence certain features may not work properly. The minimum supported version is 8.0.0. Check the community dialects project for available legacy versions.
2026-09-16T12:21:42.390+05:30  WARN 9052 --- [hotel-management] [           main] org.hibernate.orm.deprecation            : HHH90000025: MySQLDialect does not need to be specified explicitly using 'hibernate.dialect' (remove the property setting and it will be selected by default)
2026-09-16T12:21:42.574+05:30  INFO 9052 --- [hotel-management] [           main] o.h.e.t.j.p.i.JtaPlatformInitiator       : HHH000489: No JTA platform available (set 'hibernate.transaction.jta.platform' to enable JTA platform integration)
2026-09-16T12:21:42.600+05:30  INFO 9052 --- [hotel-management] [           main] j.LocalContainerEntityManagerFactoryBean : Initialized JPA EntityManagerFactory for persistence unit 'default'
2026-09-16T12:21:42.760+05:30  INFO 9052 --- [hotel-management] [           main] r$InitializeUserDetailsManagerConfigurer : Global AuthenticationManager configured with UserDetailsService bean with name userDetailsServiceImpl
2026-09-16T12:21:42.907+05:30  WARN 9052 --- [hotel-management] [           main] JpaBaseConfiguration$JpaWebConfiguration : spring.jpa.open-in-view is enabled by default. Therefore, database queries may be performed during view rendering. Explicitly configure spring.jpa.open-in-view to disable this warning
2026-09-16T12:21:43.186+05:30  INFO 9052 --- [hotel-management] [           main] c.h.m.booking.BookingServiceTest         : Started BookingServiceTest in 1.355 seconds (process running for 20.346)
2026-09-16T12:21:43.286+05:30  INFO 9052 --- [hotel-management] [           main] c.h.management.config.DataInitializer    : Initialized default admin user: admin@royalstay.com
2026-09-16T12:21:43.386+05:30  INFO 9052 --- [hotel-management] [           main] c.h.management.config.DataInitializer    : Initialized default customer user: john.doe@example.com
2026-09-16T12:21:43.408+05:30  INFO 9052 --- [hotel-management] [           main] c.h.management.config.DataInitializer    : Initialized default rooms in catalog
2026-09-16T12:21:43.429+05:30  INFO 9052 --- [hotel-management] [           main] c.h.management.config.DataInitializer    : Initialized default dining menu in catalog
]]></system-out>
  </testcase>
</testsuite>